Traceback (most recent call last):
  File "C:\Users\hxri\miniconda3\envs\cogppo\Lib\site-packages\gym\wrappers\monitoring\video_recorder.py", line 43, in __init__
    import moviepy  # noqa: F401
    ^^^^^^^^^^^^^^
ModuleNotFoundError: No module named 'moviepy'
During handling of the above exception, another exception occurred:
Traceback (most recent call last):
  File "D:\Masters\Projects\thesis\cognitive-PPO\playground.py", line 245, in <module>
    envs = gym.vector.SyncVectorEnv(
           ^^^^^^^^^^^^^^^^^^^^^^^^^
  File "C:\Users\hxri\miniconda3\envs\cogppo\Lib\site-packages\gym\vector\sync_vector_env.py", line 52, in __init__
    self.envs = [env_fn() for env_fn in env_fns]
                ^^^^^^^^^^^^^^^^^^^^^^^^^^^^^^^^
  File "C:\Users\hxri\miniconda3\envs\cogppo\Lib\site-packages\gym\vector\sync_vector_env.py", line 52, in <listcomp>
    self.envs = [env_fn() for env_fn in env_fns]
                 ^^^^^^^^
  File "D:\Masters\Projects\thesis\cognitive-PPO\playground.py", line 23, in thunk
    env.reset(seed=seed)
  File "C:\Users\hxri\miniconda3\envs\cogppo\Lib\site-packages\gym\wrappers\record_video.py", line 106, in reset
    self.start_video_recorder()
  File "C:\Users\hxri\miniconda3\envs\cogppo\Lib\site-packages\gym\wrappers\record_video.py", line 118, in start_video_recorder
    self.video_recorder = video_recorder.VideoRecorder(
                          ^^^^^^^^^^^^^^^^^^^^^^^^^^^^^
  File "C:\Users\hxri\miniconda3\envs\cogppo\Lib\site-packages\gym\wrappers\monitoring\video_recorder.py", line 45, in __init__
    raise error.DependencyNotInstalled(
gym.error.DependencyNotInstalled: MoviePy is not installed, run `pip install moviepy`