Traceback (most recent call last):
  File "C:\Users\hxri\miniconda3\envs\cogppo\Lib\site-packages\gym\envs\box2d\bipedal_walker.py", line 14, in <module>
    import Box2D
ModuleNotFoundError: No module named 'Box2D'
During handling of the above exception, another exception occurred:
Traceback (most recent call last):
  File "D:\Masters\Projects\thesis\cognitive-PPO\playground.py", line 232, in <module>
    envs = gym.vector.SyncVectorEnv(
           ^^^^^^^^^^^^^^^^^^^^^^^^^
  File "C:\Users\hxri\miniconda3\envs\cogppo\Lib\site-packages\gym\vector\sync_vector_env.py", line 52, in __init__
    self.envs = [env_fn() for env_fn in env_fns]
                ^^^^^^^^^^^^^^^^^^^^^^^^^^^^^^^^
  File "C:\Users\hxri\miniconda3\envs\cogppo\Lib\site-packages\gym\vector\sync_vector_env.py", line 52, in <listcomp>
    self.envs = [env_fn() for env_fn in env_fns]
                 ^^^^^^^^
  File "D:\Masters\Projects\thesis\cognitive-PPO\playground.py", line 18, in thunk
    env = gym.make(gym_id, render_mode="rgb_array")
          ^^^^^^^^^^^^^^^^^^^^^^^^^^^^^^^^^^^^^^^^^
  File "C:\Users\hxri\miniconda3\envs\cogppo\Lib\site-packages\gym\envs\registration.py", line 581, in make
    env_creator = load(spec_.entry_point)
                  ^^^^^^^^^^^^^^^^^^^^^^^
  File "C:\Users\hxri\miniconda3\envs\cogppo\Lib\site-packages\gym\envs\registration.py", line 61, in load
    mod = importlib.import_module(mod_name)
          ^^^^^^^^^^^^^^^^^^^^^^^^^^^^^^^^^
  File "C:\Users\hxri\miniconda3\envs\cogppo\Lib\importlib\__init__.py", line 126, in import_module
    return _bootstrap._gcd_import(name[level:], package, level)
           ^^^^^^^^^^^^^^^^^^^^^^^^^^^^^^^^^^^^^^^^^^^^^^^^^^^^
  File "<frozen importlib._bootstrap>", line 1206, in _gcd_import
  File "<frozen importlib._bootstrap>", line 1178, in _find_and_load
  File "<frozen importlib._bootstrap>", line 1128, in _find_and_load_unlocked
  File "<frozen importlib._bootstrap>", line 241, in _call_with_frames_removed
  File "<frozen importlib._bootstrap>", line 1206, in _gcd_import
  File "<frozen importlib._bootstrap>", line 1178, in _find_and_load
  File "<frozen importlib._bootstrap>", line 1149, in _find_and_load_unlocked
  File "<frozen importlib._bootstrap>", line 690, in _load_unlocked
  File "<frozen importlib._bootstrap_external>", line 940, in exec_module
  File "<frozen importlib._bootstrap>", line 241, in _call_with_frames_removed
  File "C:\Users\hxri\miniconda3\envs\cogppo\Lib\site-packages\gym\envs\box2d\__init__.py", line 1, in <module>
    from gym.envs.box2d.bipedal_walker import BipedalWalker, BipedalWalkerHardcore
  File "C:\Users\hxri\miniconda3\envs\cogppo\Lib\site-packages\gym\envs\box2d\bipedal_walker.py", line 24, in <module>
    raise DependencyNotInstalled("box2D is not installed, run `pip install gym[box2d]`")
gym.error.DependencyNotInstalled: box2D is not installed, run `pip install gym[box2d]`